<?xml version="1.0" encoding="UTF-8"?>
<Site BuildName="(empty)"
	BuildStamp="20230624-1322-Experimental"
	Name="mitch-pc"
	Generator="ctest-3.25.0"
	CompilerName="/usr/bin/c++"
	CompilerVersion="9.4.0"
	OSName="Linux"
	Hostname="mitch-pc"
	OSRelease="5.15.0-75-generic"
	OSVersion="#82~20.04.1-Ubuntu SMP Wed Jun 7 19:37:37 UTC 2023"
	OSPlatform="x86_64"
	Is64Bits="1"
	VendorString="AuthenticAMD"
	VendorID="Advanced Micro Devices"
	FamilyID="23"
	ModelID="8"
	ProcessorCacheSize="512"
	NumberOfLogicalCPU="16"
	NumberOfPhysicalCPU="8"
	TotalVirtualMemory="2047"
	TotalPhysicalMemory="15921"
	LogicalProcessorsPerPhysical="2"
	ProcessorClockFrequency="3993.14"
	>
	<Testing>
		<StartDateTime>Jun 24 23:22 AEST</StartDateTime>
		<StartTestTime>1687612929</StartTestTime>
		<TestList/>
		<EndDateTime>Jun 24 23:22 AEST</EndDateTime>
		<EndTestTime>1687612929</EndTestTime>
		<ElapsedMinutes>0</ElapsedMinutes>
	</Testing>
</Site>
